d:\development\cpp\3dwindow\3dwindow\ui_mainwindow.h
d:\development\cpp\3dwindow\3dwindow\debug\moc_mainwindow.cpp
d:\development\cpp\3dwindow\3dwindow\debug\moc_cameracontroller.cpp
d:\development\cpp\3dwindow\3dwindow\debug\moc_gizmos.cpp
d:\development\cpp\3dwindow\3dwindow\debug\moc_sceneviewerwidget.cpp
d:\development\cpp\3dwindow\3dwindow\debug\moc_boid.cpp
d:\development\cpp\3dwindow\3dwindow\debug\moc_boidcontroller.cpp
d:\development\cpp\3dwindow\3dwindow\x64\debug\cameracontroller.nativecodeanalysis.xml
d:\development\cpp\3dwindow\3dwindow\x64\debug\cameracontroller.obj
d:\development\cpp\3dwindow\3dwindow\x64\debug\moc_cameracontroller.nativecodeanalysis.xml
d:\development\cpp\3dwindow\3dwindow\x64\debug\moc_cameracontroller.obj
d:\development\cpp\3dwindow\3dwindow\x64\debug\mainwindow.nativecodeanalysis.xml
d:\development\cpp\3dwindow\3dwindow\x64\debug\mainwindow.obj
d:\development\cpp\3dwindow\3dwindow\x64\debug\main.nativecodeanalysis.xml
d:\development\cpp\3dwindow\3dwindow\x64\debug\main.obj
d:\development\cpp\3dwindow\3dwindow\x64\debug\boidcontroller.nativecodeanalysis.xml
d:\development\cpp\3dwindow\3dwindow\x64\debug\boidcontroller.obj
d:\development\cpp\3dwindow\3dwindow\x64\debug\boid.nativecodeanalysis.xml
d:\development\cpp\3dwindow\3dwindow\x64\debug\boid.obj
d:\development\cpp\3dwindow\3dwindow\x64\debug\moc_gizmos.nativecodeanalysis.xml
d:\development\cpp\3dwindow\3dwindow\x64\debug\moc_gizmos.obj
d:\development\cpp\3dwindow\3dwindow\x64\debug\moc_boidcontroller.nativecodeanalysis.xml
d:\development\cpp\3dwindow\3dwindow\x64\debug\moc_boidcontroller.obj
d:\development\cpp\3dwindow\3dwindow\x64\debug\sceneviewerwidget.nativecodeanalysis.xml
d:\development\cpp\3dwindow\3dwindow\x64\debug\sceneviewerwidget.obj
d:\development\cpp\3dwindow\3dwindow\x64\debug\moc_sceneviewerwidget.nativecodeanalysis.xml
d:\development\cpp\3dwindow\3dwindow\x64\debug\moc_sceneviewerwidget.obj
d:\development\cpp\3dwindow\3dwindow\x64\debug\gizmos.nativecodeanalysis.xml
d:\development\cpp\3dwindow\3dwindow\x64\debug\gizmos.obj
d:\development\cpp\3dwindow\3dwindow\x64\debug\moc_boid.nativecodeanalysis.xml
d:\development\cpp\3dwindow\3dwindow\x64\debug\moc_boid.obj
d:\development\cpp\3dwindow\3dwindow\x64\debug\moc_mainwindow.nativecodeanalysis.xml
d:\development\cpp\3dwindow\3dwindow\x64\debug\moc_mainwindow.obj
d:\development\cpp\3dwindow\3dwindow\x64\debug\vc141.pdb
d:\development\cpp\3dwindow\3dwindow\debug\moc_predefs.h
d:\development\cpp\3dwindow\3dwindow\debug\griddrawer.ilk
d:\development\cpp\3dwindow\3dwindow\debug\griddrawer.exe
d:\development\cpp\3dwindow\3dwindow\debug\griddrawer.pdb
d:\development\cpp\3dwindow\3dwindow\x64\debug\nativecodeanalysis.read.1.tlog
d:\development\cpp\3dwindow\3dwindow\x64\debug\vc.nativecodeanalysis.all.xml
d:\development\cpp\3dwindow\3dwindow\x64\debug\boids.tlog\boids.write.1u.tlog
d:\development\cpp\3dwindow\3dwindow\x64\debug\boids.tlog\cl.13176.write.1.tlog
d:\development\cpp\3dwindow\3dwindow\x64\debug\boids.tlog\cl.command.1.tlog
d:\development\cpp\3dwindow\3dwindow\x64\debug\boids.tlog\cl.read.1.tlog
d:\development\cpp\3dwindow\3dwindow\x64\debug\boids.tlog\custombuild.command.1.tlog
d:\development\cpp\3dwindow\3dwindow\x64\debug\boids.tlog\custombuild.read.1.tlog
d:\development\cpp\3dwindow\3dwindow\x64\debug\boids.tlog\custombuild.write.1.tlog
d:\development\cpp\3dwindow\3dwindow\x64\debug\boids.tlog\link.command.1.tlog
d:\development\cpp\3dwindow\3dwindow\x64\debug\boids.tlog\link.read.1.tlog
d:\development\cpp\3dwindow\3dwindow\x64\debug\boids.tlog\link.write.1.tlog
d:\development\cpp\3dwindow\3dwindow\x64\debug\boids.tlog\moc.read.1u.tlog
d:\development\cpp\3dwindow\3dwindow\x64\debug\boids.tlog\moc.write.1u.tlog
d:\development\cpp\3dwindow\3dwindow\x64\debug\boids.tlog\uic.read.1u.tlog
d:\development\cpp\3dwindow\3dwindow\x64\debug\boids.tlog\uic.write.1u.tlog
